<?xml version="1.0" encoding="UTF-8"?>
<!-- Generated by org.testng.reporters.JUnitReportReporter -->
<testsuite hostname="DESKTOP-UIID4BA" failures="0" tests="1" name="Test_Classes.Post_TC1" time="1.203" errors="0" timestamp="2023-06-29T18:47:41 IST" skipped="0">
  <testcase classname="Test_Classes.Post_TC1" name="Extractor" time="1.203"/>
  <system-out/>
</testsuite> <!-- Test_Classes.Post_TC1 -->
