<?xml version="1.0" encoding="UTF-8"?>
<!-- Generated by org.testng.reporters.JUnitReportReporter -->
<testsuite hostname="DESKTOP-UIID4BA" failures="0" tests="1" name="Test_Classes.Patch_TC1" time="3.991" errors="0" timestamp="2023-06-29T18:47:41 IST" skipped="0">
  <testcase classname="Test_Classes.Patch_TC1" name="Extractor" time="3.991"/>
  <system-out/>
</testsuite> <!-- Test_Classes.Patch_TC1 -->
