<?xml version="1.0" encoding="UTF-8"?>
<!-- Generated by org.testng.reporters.JUnitReportReporter -->
<testsuite hostname="DESKTOP-UIID4BA" failures="0" tests="1" name="Test_Classes.TestNG_Get_TC1" time="2.257" errors="0" timestamp="2023-06-30T09:58:59 IST" skipped="0">
  <testcase classname="Test_Classes.TestNG_Get_TC1" name="Extractor" time="2.257"/>
  <system-out/>
</testsuite> <!-- Test_Classes.TestNG_Get_TC1 -->
